<?xml version="1.0" encoding="UTF-8"?>
<!-- Generated by org.testng.reporters.JUnitXMLReporter -->
<testsuite hostname="PMUFTWIN101" ignored="0" name="Default test" tests="3" failures="0" timestamp="13 Nov 2018 10:36:43 GMT" time="0.049" errors="0">
  <testcase name="method1_in_Class3_in_package1" time="0.0" classname="package1.Class3"/>
  <testcase name="method2_in_Class3_in_package1" time="0.0" classname="package1.Class3"/>
  <testcase name="method3_in_Class3_in_package1" time="0.015" classname="package1.Class3"/>
</testsuite> <!-- Default test -->
