<?xml version="1.0" encoding="UTF-8"?>
<!-- Generated by org.testng.reporters.JUnitXMLReporter -->
<testsuite hostname="PMUFTWIN101" ignored="8" name="TestNG Suite Tests" tests="9" failures="0" timestamp="13 Nov 2018 12:41:38 GMT" time="0.406" errors="0">
  <testcase name="@BeforeSuite beforeSuite_in_CommonClass_in_package2" time="31.418" classname="package2.CommonClass">
    <failure type="com.mongodb.MongoTimeoutException" message="Timed out after 30000 ms while waiting for a server that matches ReadPreferenceServerSelector{readPreference=primary}. Client view of cluster state is {type=UNKNOWN, servers=[{address=localhost:90, type=UNKNOWN, state=CONNECTING, exception={com.mongodb.MongoSocketOpenException: Exception opening socket}, caused by {java.net.ConnectException: Connection refused: connect}}]">
      <![CDATA[com.mongodb.MongoTimeoutException: Timed out after 30000 ms while waiting for a server that matches ReadPreferenceServerSelector{readPreference=primary}. Client view of cluster state is {type=UNKNOWN, servers=[{address=localhost:90, type=UNKNOWN, state=CONNECTING, exception={com.mongodb.MongoSocketOpenException: Exception opening socket}, caused by {java.net.ConnectException: Connection refused: connect}}]
at com.mongodb.connection.BaseCluster.createTimeoutException(BaseCluster.java:375)
at com.mongodb.connection.BaseCluster.selectServer(BaseCluster.java:104)
at com.mongodb.binding.ClusterBinding$ClusterBindingConnectionSource.<init>(ClusterBinding.java:75)
at com.mongodb.binding.ClusterBinding$ClusterBindingConnectionSource.<init>(ClusterBinding.java:71)
at com.mongodb.binding.ClusterBinding.getReadConnectionSource(ClusterBinding.java:63)
at com.mongodb.operation.OperationHelper.withConnection(OperationHelper.java:212)
at com.mongodb.operation.FindOperation.execute(FindOperation.java:483)
at com.mongodb.operation.FindOperation.execute(FindOperation.java:80)
at com.mongodb.Mongo.execute(Mongo.java:818)
at com.mongodb.Mongo$2.execute(Mongo.java:805)
at com.mongodb.FindIterableImpl$FindOperationIterable.first(FindIterableImpl.java:207)
at com.mongodb.FindIterableImpl.first(FindIterableImpl.java:148)
at com.aventstack.extentreports.reporter.KlovReporter.setupProject(KlovReporter.java:288)
at com.aventstack.extentreports.reporter.KlovReporter.start(KlovReporter.java:278)
at com.aventstack.extentreports.Report.attach(Report.java:55)
at java.util.Spliterators$ArraySpliterator.forEachRemaining(Spliterators.java:948)
at java.util.stream.ReferencePipeline$Head.forEach(ReferencePipeline.java:580)
at com.aventstack.extentreports.ExtentReports.attachReporter(ExtentReports.java:68)
at package2.CommonClass$ExtentManager.createInstance(CommonClass.java:135)
at package2.CommonClass$ExtentManager.getInstance(CommonClass.java:104)
at package2.CommonClass.beforeSuite_in_CommonClass_in_package2(CommonClass.java:43)
... Removed 20 stack frames]]>
    </failure>
  </testcase> <!-- @BeforeSuite beforeSuite_in_CommonClass_in_package2 -->
  <testcase name="@BeforeTest beforeTest_in_CommonClass_in_package2" time="0.0" classname="package2.CommonClass">
    <skipped/>
  </testcase> <!-- @BeforeTest beforeTest_in_CommonClass_in_package2 -->
  <testcase name="@BeforeClass beforeClass_in_CommonClass_in_package2" time="0.0" classname="package2.CommonClass">
    <skipped/>
  </testcase> <!-- @BeforeClass beforeClass_in_CommonClass_in_package2 -->
  <testcase name="@BeforeMethod beforeMethod_in_CommonClass_in_package2" time="0.0" classname="package2.CommonClass">
    <skipped/>
  </testcase> <!-- @BeforeMethod beforeMethod_in_CommonClass_in_package2 -->
  <testcase name="@AfterMethod afterMethod_in_CommonClass_in_package2" time="0.0" classname="package2.CommonClass">
    <skipped/>
  </testcase> <!-- @AfterMethod afterMethod_in_CommonClass_in_package2 -->
  <testcase name="@BeforeClass beforeClass_in_CommonClass_in_package2" time="0.0" classname="package2.CommonClass">
    <skipped/>
  </testcase> <!-- @BeforeClass beforeClass_in_CommonClass_in_package2 -->
  <testcase name="@BeforeMethod beforeMethod_in_CommonClass_in_package2" time="0.0" classname="package2.CommonClass">
    <skipped/>
  </testcase> <!-- @BeforeMethod beforeMethod_in_CommonClass_in_package2 -->
  <testcase name="@AfterMethod afterMethod_in_CommonClass_in_package2" time="0.0" classname="package2.CommonClass">
    <skipped/>
  </testcase> <!-- @AfterMethod afterMethod_in_CommonClass_in_package2 -->
  <testcase name="@BeforeClass beforeClass_in_CommonClass_in_package2" time="0.0" classname="package2.CommonClass">
    <skipped/>
  </testcase> <!-- @BeforeClass beforeClass_in_CommonClass_in_package2 -->
  <testcase name="@BeforeMethod beforeMethod_in_CommonClass_in_package2" time="0.0" classname="package2.CommonClass">
    <skipped/>
  </testcase> <!-- @BeforeMethod beforeMethod_in_CommonClass_in_package2 -->
  <testcase name="@AfterMethod afterMethod_in_CommonClass_in_package2" time="0.0" classname="package2.CommonClass">
    <skipped/>
  </testcase> <!-- @AfterMethod afterMethod_in_CommonClass_in_package2 -->
  <testcase name="@BeforeMethod beforeMethod_in_CommonClass_in_package2" time="0.0" classname="package2.CommonClass">
    <skipped/>
  </testcase> <!-- @BeforeMethod beforeMethod_in_CommonClass_in_package2 -->
  <testcase name="@AfterMethod afterMethod_in_CommonClass_in_package2" time="0.0" classname="package2.CommonClass">
    <skipped/>
  </testcase> <!-- @AfterMethod afterMethod_in_CommonClass_in_package2 -->
  <testcase name="@BeforeMethod beforeMethod_in_CommonClass_in_package2" time="0.0" classname="package2.CommonClass">
    <skipped/>
  </testcase> <!-- @BeforeMethod beforeMethod_in_CommonClass_in_package2 -->
  <testcase name="@AfterMethod afterMethod_in_CommonClass_in_package2" time="0.0" classname="package2.CommonClass">
    <skipped/>
  </testcase> <!-- @AfterMethod afterMethod_in_CommonClass_in_package2 -->
  <testcase name="@BeforeMethod beforeMethod_in_CommonClass_in_package2" time="0.0" classname="package2.CommonClass">
    <skipped/>
  </testcase> <!-- @BeforeMethod beforeMethod_in_CommonClass_in_package2 -->
  <testcase name="@AfterMethod afterMethod_in_CommonClass_in_package2" time="0.0" classname="package2.CommonClass">
    <skipped/>
  </testcase> <!-- @AfterMethod afterMethod_in_CommonClass_in_package2 -->
  <testcase name="@BeforeMethod beforeMethod_in_CommonClass_in_package2" time="0.0" classname="package2.CommonClass">
    <skipped/>
  </testcase> <!-- @BeforeMethod beforeMethod_in_CommonClass_in_package2 -->
  <testcase name="@AfterMethod afterMethod_in_CommonClass_in_package2" time="0.0" classname="package2.CommonClass">
    <skipped/>
  </testcase> <!-- @AfterMethod afterMethod_in_CommonClass_in_package2 -->
  <testcase name="@AfterClass afterClass_in_CommonClass_in_package2" time="0.0" classname="package2.CommonClass">
    <skipped/>
  </testcase> <!-- @AfterClass afterClass_in_CommonClass_in_package2 -->
  <testcase name="@BeforeMethod beforeMethod_in_CommonClass_in_package2" time="0.0" classname="package2.CommonClass">
    <skipped/>
  </testcase> <!-- @BeforeMethod beforeMethod_in_CommonClass_in_package2 -->
  <testcase name="@AfterMethod afterMethod_in_CommonClass_in_package2" time="0.0" classname="package2.CommonClass">
    <skipped/>
  </testcase> <!-- @AfterMethod afterMethod_in_CommonClass_in_package2 -->
  <testcase name="@AfterClass afterClass_in_CommonClass_in_package2" time="0.0" classname="package2.CommonClass">
    <skipped/>
  </testcase> <!-- @AfterClass afterClass_in_CommonClass_in_package2 -->
  <testcase name="@BeforeMethod beforeMethod_in_CommonClass_in_package2" time="0.0" classname="package2.CommonClass">
    <skipped/>
  </testcase> <!-- @BeforeMethod beforeMethod_in_CommonClass_in_package2 -->
  <testcase name="@AfterMethod afterMethod_in_CommonClass_in_package2" time="0.0" classname="package2.CommonClass">
    <skipped/>
  </testcase> <!-- @AfterMethod afterMethod_in_CommonClass_in_package2 -->
  <testcase name="@AfterClass afterClass_in_CommonClass_in_package2" time="0.0" classname="package2.CommonClass">
    <skipped/>
  </testcase> <!-- @AfterClass afterClass_in_CommonClass_in_package2 -->
  <testcase name="@AfterTest aftertest_in_CommonClass_in_package2" time="0.0" classname="package2.CommonClass">
    <skipped/>
  </testcase> <!-- @AfterTest aftertest_in_CommonClass_in_package2 -->
  <testcase name="method1_in_Class1_in_package2" time="0.0" classname="package2.Class1">
    <skipped/>
  </testcase> <!-- method1_in_Class1_in_package2 -->
  <testcase name="method2_in_Class2_in_package2" time="0.0" classname="package2.Class2">
    <skipped/>
  </testcase> <!-- method2_in_Class2_in_package2 -->
  <testcase name="method3_in_Class3_in_package2" time="0.0" classname="package2.Class3">
    <skipped/>
  </testcase> <!-- method3_in_Class3_in_package2 -->
  <testcase name="method2_in_Class1_in_package2" time="0.0" classname="package2.Class1">
    <skipped/>
  </testcase> <!-- method2_in_Class1_in_package2 -->
  <testcase name="method1_in_Class2_in_package2" time="0.0" classname="package2.Class2">
    <skipped/>
  </testcase> <!-- method1_in_Class2_in_package2 -->
  <testcase name="method2_in_Class3_in_package2" time="0.0" classname="package2.Class3">
    <skipped/>
  </testcase> <!-- method2_in_Class3_in_package2 -->
  <testcase name="method3_in_Class1_in_package2" time="0.0" classname="package2.Class1">
    <skipped/>
  </testcase> <!-- method3_in_Class1_in_package2 -->
  <testcase name="method3_in_Class2_in_package2" time="0.0" classname="package2.Class2">
    <skipped/>
  </testcase> <!-- method3_in_Class2_in_package2 -->
  <testcase name="method1_in_Class3_in_package2" time="0.0" classname="package2.Class3">
    <skipped/>
  </testcase> <!-- method1_in_Class3_in_package2 -->
  <testcase name="@BeforeSuite beforeSuite_in_CommonClass_in_package2" time="0.0" classname="package2.CommonClass">
    <ignored/>
  </testcase> <!-- @BeforeSuite beforeSuite_in_CommonClass_in_package2 -->
  <testcase name="@BeforeSuite beforeSuite_in_CommonClass_in_package2" time="0.0" classname="package2.CommonClass">
    <ignored/>
  </testcase> <!-- @BeforeSuite beforeSuite_in_CommonClass_in_package2 -->
  <testcase name="@AfterTest aftertest_in_CommonClass_in_package2" time="0.0" classname="package2.CommonClass">
    <ignored/>
  </testcase> <!-- @AfterTest aftertest_in_CommonClass_in_package2 -->
  <testcase name="@AfterTest aftertest_in_CommonClass_in_package2" time="0.0" classname="package2.CommonClass">
    <ignored/>
  </testcase> <!-- @AfterTest aftertest_in_CommonClass_in_package2 -->
  <testcase name="@AfterSuite afterSuite_in_CommonClass_in_package2" time="0.0" classname="package2.CommonClass">
    <ignored/>
  </testcase> <!-- @AfterSuite afterSuite_in_CommonClass_in_package2 -->
  <testcase name="@AfterSuite afterSuite_in_CommonClass_in_package2" time="0.0" classname="package2.CommonClass">
    <ignored/>
  </testcase> <!-- @AfterSuite afterSuite_in_CommonClass_in_package2 -->
  <testcase name="@BeforeTest beforeTest_in_CommonClass_in_package2" time="0.0" classname="package2.CommonClass">
    <ignored/>
  </testcase> <!-- @BeforeTest beforeTest_in_CommonClass_in_package2 -->
  <testcase name="@BeforeTest beforeTest_in_CommonClass_in_package2" time="0.0" classname="package2.CommonClass">
    <ignored/>
  </testcase> <!-- @BeforeTest beforeTest_in_CommonClass_in_package2 -->
</testsuite> <!-- TestNG Suite Tests -->
