<?xml version="1.0" encoding="UTF-8"?>
<testng-results skipped="9" failed="0" ignored="8" total="17" passed="0">
  <reporter-output>
  </reporter-output>
  <suite name="TestNG Suite" duration-ms="406" started-at="2018-11-13T12:41:37Z" finished-at="2018-11-13T12:41:38Z">
    <groups>
      <group name="Group1_in_package2">
        <method signature="Class1.method1_in_Class1_in_package2(java.lang.reflect.Method)[pri:1, instance:package2.Class1@1b26f7b2]" name="method1_in_Class1_in_package2" class="package2.Class1"/>
        <method signature="Class2.method1_in_Class2_in_package2(java.lang.reflect.Method)[pri:2, instance:package2.Class2@491cc5c9]" name="method1_in_Class2_in_package2" class="package2.Class2"/>
        <method signature="Class3.method1_in_Class3_in_package2(java.lang.reflect.Method)[pri:3, instance:package2.Class3@74ad1f1f]" name="method1_in_Class3_in_package2" class="package2.Class3"/>
      </group> <!-- Group1_in_package2 -->
      <group name="Group2_in_package2">
        <method signature="Class1.method2_in_Class1_in_package2(java.lang.reflect.Method)[pri:2, instance:package2.Class1@1b26f7b2]" name="method2_in_Class1_in_package2" class="package2.Class1"/>
        <method signature="Class2.method2_in_Class2_in_package2(java.lang.reflect.Method)[pri:1, instance:package2.Class2@491cc5c9]" name="method2_in_Class2_in_package2" class="package2.Class2"/>
        <method signature="Class3.method2_in_Class3_in_package2(java.lang.reflect.Method)[pri:2, instance:package2.Class3@74ad1f1f]" name="method2_in_Class3_in_package2" class="package2.Class3"/>
      </group> <!-- Group2_in_package2 -->
      <group name="X">
        <method signature="Class2.method1_in_Class2_in_package2(java.lang.reflect.Method)[pri:2, instance:package2.Class2@491cc5c9]" name="method1_in_Class2_in_package2" class="package2.Class2"/>
        <method signature="Class2.method2_in_Class2_in_package2(java.lang.reflect.Method)[pri:1, instance:package2.Class2@491cc5c9]" name="method2_in_Class2_in_package2" class="package2.Class2"/>
        <method signature="Class2.method3_in_Class2_in_package2(java.lang.reflect.Method)[pri:3, instance:package2.Class2@491cc5c9]" name="method3_in_Class2_in_package2" class="package2.Class2"/>
        <method signature="Class3.method1_in_Class3_in_package2(java.lang.reflect.Method)[pri:3, instance:package2.Class3@74ad1f1f]" name="method1_in_Class3_in_package2" class="package2.Class3"/>
      </group> <!-- X -->
      <group name="Y">
        <method signature="Class1.method1_in_Class1_in_package2(java.lang.reflect.Method)[pri:1, instance:package2.Class1@1b26f7b2]" name="method1_in_Class1_in_package2" class="package2.Class1"/>
        <method signature="Class1.method2_in_Class1_in_package2(java.lang.reflect.Method)[pri:2, instance:package2.Class1@1b26f7b2]" name="method2_in_Class1_in_package2" class="package2.Class1"/>
        <method signature="Class1.method3_in_Class1_in_package2(java.lang.reflect.Method)[pri:3, instance:package2.Class1@1b26f7b2]" name="method3_in_Class1_in_package2" class="package2.Class1"/>
        <method signature="Class3.method2_in_Class3_in_package2(java.lang.reflect.Method)[pri:2, instance:package2.Class3@74ad1f1f]" name="method2_in_Class3_in_package2" class="package2.Class3"/>
      </group> <!-- Y -->
      <group name="Group3_in_package2">
        <method signature="Class1.method3_in_Class1_in_package2(java.lang.reflect.Method)[pri:3, instance:package2.Class1@1b26f7b2]" name="method3_in_Class1_in_package2" class="package2.Class1"/>
        <method signature="Class2.method3_in_Class2_in_package2(java.lang.reflect.Method)[pri:3, instance:package2.Class2@491cc5c9]" name="method3_in_Class2_in_package2" class="package2.Class2"/>
        <method signature="Class3.method3_in_Class3_in_package2(java.lang.reflect.Method)[pri:1, instance:package2.Class3@74ad1f1f]" name="method3_in_Class3_in_package2" class="package2.Class3"/>
      </group> <!-- Group3_in_package2 -->
      <group name="Z">
        <method signature="Class3.method3_in_Class3_in_package2(java.lang.reflect.Method)[pri:1, instance:package2.Class3@74ad1f1f]" name="method3_in_Class3_in_package2" class="package2.Class3"/>
      </group> <!-- Z -->
    </groups>
    <test name="TestNG Suite Tests" duration-ms="406" started-at="2018-11-13T12:41:37Z" finished-at="2018-11-13T12:41:38Z">
      <class name="package2.Class3">
        <test-method status="SKIP" signature="beforeClass_in_CommonClass_in_package2()[pri:0, instance:package2.Class3@74ad1f1f]" name="beforeClass_in_CommonClass_in_package2" is-config="true" duration-ms="0" started-at="2018-11-13T12:41:37Z" finished-at="2018-11-13T12:41:37Z">
          <reporter-output>
          </reporter-output>
        </test-method> <!-- beforeClass_in_CommonClass_in_package2 -->
        <test-method status="SKIP" signature="beforeMethod_in_CommonClass_in_package2(java.lang.reflect.Method)[pri:0, instance:package2.Class3@74ad1f1f]" name="beforeMethod_in_CommonClass_in_package2" is-config="true" duration-ms="0" started-at="2018-11-13T12:41:37Z" finished-at="2018-11-13T12:41:37Z">
          <reporter-output>
          </reporter-output>
        </test-method> <!-- beforeMethod_in_CommonClass_in_package2 -->
        <test-method status="SKIP" signature="method3_in_Class3_in_package2(java.lang.reflect.Method)[pri:1, instance:package2.Class3@74ad1f1f]" name="method3_in_Class3_in_package2" duration-ms="0" started-at="2018-11-13T12:41:37Z" description="Rupesh" finished-at="2018-11-13T12:41:37Z">
          <exception class="com.mongodb.MongoTimeoutException">
            <message>
              <![CDATA[Timed out after 30000 ms while waiting for a server that matches ReadPreferenceServerSelector{readPreference=primary}. Client view of cluster state is {type=UNKNOWN, servers=[{address=localhost:90, type=UNKNOWN, state=CONNECTING, exception={com.mongodb.MongoSocketOpenException: Exception opening socket}, caused by {java.net.ConnectException: Connection refused: connect}}]]]>
            </message>
            <full-stacktrace>
              <![CDATA[com.mongodb.MongoTimeoutException: Timed out after 30000 ms while waiting for a server that matches ReadPreferenceServerSelector{readPreference=primary}. Client view of cluster state is {type=UNKNOWN, servers=[{address=localhost:90, type=UNKNOWN, state=CONNECTING, exception={com.mongodb.MongoSocketOpenException: Exception opening socket}, caused by {java.net.ConnectException: Connection refused: connect}}]
at com.mongodb.connection.BaseCluster.createTimeoutException(BaseCluster.java:375)
at com.mongodb.connection.BaseCluster.selectServer(BaseCluster.java:104)
at com.mongodb.binding.ClusterBinding$ClusterBindingConnectionSource.<init>(ClusterBinding.java:75)
at com.mongodb.binding.ClusterBinding$ClusterBindingConnectionSource.<init>(ClusterBinding.java:71)
at com.mongodb.binding.ClusterBinding.getReadConnectionSource(ClusterBinding.java:63)
at com.mongodb.operation.OperationHelper.withConnection(OperationHelper.java:212)
at com.mongodb.operation.FindOperation.execute(FindOperation.java:483)
at com.mongodb.operation.FindOperation.execute(FindOperation.java:80)
at com.mongodb.Mongo.execute(Mongo.java:818)
at com.mongodb.Mongo$2.execute(Mongo.java:805)
at com.mongodb.FindIterableImpl$FindOperationIterable.first(FindIterableImpl.java:207)
at com.mongodb.FindIterableImpl.first(FindIterableImpl.java:148)
at com.aventstack.extentreports.reporter.KlovReporter.setupProject(KlovReporter.java:288)
at com.aventstack.extentreports.reporter.KlovReporter.start(KlovReporter.java:278)
at com.aventstack.extentreports.Report.attach(Report.java:55)
at java.util.Spliterators$ArraySpliterator.forEachRemaining(Spliterators.java:948)
at java.util.stream.ReferencePipeline$Head.forEach(ReferencePipeline.java:580)
at com.aventstack.extentreports.ExtentReports.attachReporter(ExtentReports.java:68)
at package2.CommonClass$ExtentManager.createInstance(CommonClass.java:135)
at package2.CommonClass$ExtentManager.getInstance(CommonClass.java:104)
at package2.CommonClass.beforeSuite_in_CommonClass_in_package2(CommonClass.java:43)
at sun.reflect.NativeMethodAccessorImpl.invoke0(Native Method)
at sun.reflect.NativeMethodAccessorImpl.invoke(NativeMethodAccessorImpl.java:62)
at sun.reflect.DelegatingMethodAccessorImpl.invoke(DelegatingMethodAccessorImpl.java:43)
at java.lang.reflect.Method.invoke(Method.java:498)
at org.testng.internal.MethodInvocationHelper.invokeMethod(MethodInvocationHelper.java:124)
at org.testng.internal.MethodInvocationHelper.invokeMethodConsideringTimeout(MethodInvocationHelper.java:59)
at org.testng.internal.Invoker.invokeConfigurationMethod(Invoker.java:455)
at org.testng.internal.Invoker.invokeConfigurations(Invoker.java:222)
at org.testng.internal.Invoker.invokeConfigurations(Invoker.java:142)
at org.testng.SuiteRunner.privateRun(SuiteRunner.java:401)
at org.testng.SuiteRunner.run(SuiteRunner.java:364)
at org.testng.SuiteRunnerWorker.runSuite(SuiteRunnerWorker.java:52)
at org.testng.SuiteRunnerWorker.run(SuiteRunnerWorker.java:84)
at org.testng.TestNG.runSuitesSequentially(TestNG.java:1208)
at org.testng.TestNG.runSuitesLocally(TestNG.java:1137)
at org.testng.TestNG.runSuites(TestNG.java:1049)
at org.testng.TestNG.run(TestNG.java:1017)
at org.testng.remote.AbstractRemoteTestNG.run(AbstractRemoteTestNG.java:114)
at org.testng.remote.RemoteTestNG.initAndRun(RemoteTestNG.java:251)
at org.testng.remote.RemoteTestNG.main(RemoteTestNG.java:77)
]]>
            </full-stacktrace>
          </exception> <!-- com.mongodb.MongoTimeoutException -->
          <reporter-output>
          </reporter-output>
        </test-method> <!-- method3_in_Class3_in_package2 -->
        <test-method status="SKIP" signature="afterMethod_in_CommonClass_in_package2(org.testng.ITestResult)[pri:0, instance:package2.Class3@74ad1f1f]" name="afterMethod_in_CommonClass_in_package2" is-config="true" duration-ms="0" started-at="2018-11-13T12:41:37Z" finished-at="2018-11-13T12:41:37Z">
          <reporter-output>
          </reporter-output>
        </test-method> <!-- afterMethod_in_CommonClass_in_package2 -->
        <test-method status="SKIP" signature="beforeMethod_in_CommonClass_in_package2(java.lang.reflect.Method)[pri:0, instance:package2.Class3@74ad1f1f]" name="beforeMethod_in_CommonClass_in_package2" is-config="true" duration-ms="0" started-at="2018-11-13T12:41:38Z" finished-at="2018-11-13T12:41:38Z">
          <reporter-output>
          </reporter-output>
        </test-method> <!-- beforeMethod_in_CommonClass_in_package2 -->
        <test-method status="SKIP" signature="method2_in_Class3_in_package2(java.lang.reflect.Method)[pri:2, instance:package2.Class3@74ad1f1f]" name="method2_in_Class3_in_package2" duration-ms="0" started-at="2018-11-13T12:41:38Z" description="Rupesh" finished-at="2018-11-13T12:41:38Z">
          <exception class="com.mongodb.MongoTimeoutException">
            <message>
              <![CDATA[Timed out after 30000 ms while waiting for a server that matches ReadPreferenceServerSelector{readPreference=primary}. Client view of cluster state is {type=UNKNOWN, servers=[{address=localhost:90, type=UNKNOWN, state=CONNECTING, exception={com.mongodb.MongoSocketOpenException: Exception opening socket}, caused by {java.net.ConnectException: Connection refused: connect}}]]]>
            </message>
            <full-stacktrace>
              <![CDATA[com.mongodb.MongoTimeoutException: Timed out after 30000 ms while waiting for a server that matches ReadPreferenceServerSelector{readPreference=primary}. Client view of cluster state is {type=UNKNOWN, servers=[{address=localhost:90, type=UNKNOWN, state=CONNECTING, exception={com.mongodb.MongoSocketOpenException: Exception opening socket}, caused by {java.net.ConnectException: Connection refused: connect}}]
at com.mongodb.connection.BaseCluster.createTimeoutException(BaseCluster.java:375)
at com.mongodb.connection.BaseCluster.selectServer(BaseCluster.java:104)
at com.mongodb.binding.ClusterBinding$ClusterBindingConnectionSource.<init>(ClusterBinding.java:75)
at com.mongodb.binding.ClusterBinding$ClusterBindingConnectionSource.<init>(ClusterBinding.java:71)
at com.mongodb.binding.ClusterBinding.getReadConnectionSource(ClusterBinding.java:63)
at com.mongodb.operation.OperationHelper.withConnection(OperationHelper.java:212)
at com.mongodb.operation.FindOperation.execute(FindOperation.java:483)
at com.mongodb.operation.FindOperation.execute(FindOperation.java:80)
at com.mongodb.Mongo.execute(Mongo.java:818)
at com.mongodb.Mongo$2.execute(Mongo.java:805)
at com.mongodb.FindIterableImpl$FindOperationIterable.first(FindIterableImpl.java:207)
at com.mongodb.FindIterableImpl.first(FindIterableImpl.java:148)
at com.aventstack.extentreports.reporter.KlovReporter.setupProject(KlovReporter.java:288)
at com.aventstack.extentreports.reporter.KlovReporter.start(KlovReporter.java:278)
at com.aventstack.extentreports.Report.attach(Report.java:55)
at java.util.Spliterators$ArraySpliterator.forEachRemaining(Spliterators.java:948)
at java.util.stream.ReferencePipeline$Head.forEach(ReferencePipeline.java:580)
at com.aventstack.extentreports.ExtentReports.attachReporter(ExtentReports.java:68)
at package2.CommonClass$ExtentManager.createInstance(CommonClass.java:135)
at package2.CommonClass$ExtentManager.getInstance(CommonClass.java:104)
at package2.CommonClass.beforeSuite_in_CommonClass_in_package2(CommonClass.java:43)
at sun.reflect.NativeMethodAccessorImpl.invoke0(Native Method)
at sun.reflect.NativeMethodAccessorImpl.invoke(NativeMethodAccessorImpl.java:62)
at sun.reflect.DelegatingMethodAccessorImpl.invoke(DelegatingMethodAccessorImpl.java:43)
at java.lang.reflect.Method.invoke(Method.java:498)
at org.testng.internal.MethodInvocationHelper.invokeMethod(MethodInvocationHelper.java:124)
at org.testng.internal.MethodInvocationHelper.invokeMethodConsideringTimeout(MethodInvocationHelper.java:59)
at org.testng.internal.Invoker.invokeConfigurationMethod(Invoker.java:455)
at org.testng.internal.Invoker.invokeConfigurations(Invoker.java:222)
at org.testng.internal.Invoker.invokeConfigurations(Invoker.java:142)
at org.testng.SuiteRunner.privateRun(SuiteRunner.java:401)
at org.testng.SuiteRunner.run(SuiteRunner.java:364)
at org.testng.SuiteRunnerWorker.runSuite(SuiteRunnerWorker.java:52)
at org.testng.SuiteRunnerWorker.run(SuiteRunnerWorker.java:84)
at org.testng.TestNG.runSuitesSequentially(TestNG.java:1208)
at org.testng.TestNG.runSuitesLocally(TestNG.java:1137)
at org.testng.TestNG.runSuites(TestNG.java:1049)
at org.testng.TestNG.run(TestNG.java:1017)
at org.testng.remote.AbstractRemoteTestNG.run(AbstractRemoteTestNG.java:114)
at org.testng.remote.RemoteTestNG.initAndRun(RemoteTestNG.java:251)
at org.testng.remote.RemoteTestNG.main(RemoteTestNG.java:77)
]]>
            </full-stacktrace>
          </exception> <!-- com.mongodb.MongoTimeoutException -->
          <reporter-output>
          </reporter-output>
        </test-method> <!-- method2_in_Class3_in_package2 -->
        <test-method status="SKIP" signature="afterMethod_in_CommonClass_in_package2(org.testng.ITestResult)[pri:0, instance:package2.Class3@74ad1f1f]" name="afterMethod_in_CommonClass_in_package2" is-config="true" duration-ms="0" started-at="2018-11-13T12:41:38Z" finished-at="2018-11-13T12:41:38Z">
          <reporter-output>
          </reporter-output>
        </test-method> <!-- afterMethod_in_CommonClass_in_package2 -->
        <test-method status="SKIP" signature="beforeMethod_in_CommonClass_in_package2(java.lang.reflect.Method)[pri:0, instance:package2.Class3@74ad1f1f]" name="beforeMethod_in_CommonClass_in_package2" is-config="true" duration-ms="0" started-at="2018-11-13T12:41:38Z" finished-at="2018-11-13T12:41:38Z">
          <reporter-output>
          </reporter-output>
        </test-method> <!-- beforeMethod_in_CommonClass_in_package2 -->
        <test-method status="SKIP" signature="method1_in_Class3_in_package2(java.lang.reflect.Method)[pri:3, instance:package2.Class3@74ad1f1f]" name="method1_in_Class3_in_package2" duration-ms="0" started-at="2018-11-13T12:41:38Z" description="Rupesh" finished-at="2018-11-13T12:41:38Z">
          <exception class="com.mongodb.MongoTimeoutException">
            <message>
              <![CDATA[Timed out after 30000 ms while waiting for a server that matches ReadPreferenceServerSelector{readPreference=primary}. Client view of cluster state is {type=UNKNOWN, servers=[{address=localhost:90, type=UNKNOWN, state=CONNECTING, exception={com.mongodb.MongoSocketOpenException: Exception opening socket}, caused by {java.net.ConnectException: Connection refused: connect}}]]]>
            </message>
            <full-stacktrace>
              <![CDATA[com.mongodb.MongoTimeoutException: Timed out after 30000 ms while waiting for a server that matches ReadPreferenceServerSelector{readPreference=primary}. Client view of cluster state is {type=UNKNOWN, servers=[{address=localhost:90, type=UNKNOWN, state=CONNECTING, exception={com.mongodb.MongoSocketOpenException: Exception opening socket}, caused by {java.net.ConnectException: Connection refused: connect}}]
at com.mongodb.connection.BaseCluster.createTimeoutException(BaseCluster.java:375)
at com.mongodb.connection.BaseCluster.selectServer(BaseCluster.java:104)
at com.mongodb.binding.ClusterBinding$ClusterBindingConnectionSource.<init>(ClusterBinding.java:75)
at com.mongodb.binding.ClusterBinding$ClusterBindingConnectionSource.<init>(ClusterBinding.java:71)
at com.mongodb.binding.ClusterBinding.getReadConnectionSource(ClusterBinding.java:63)
at com.mongodb.operation.OperationHelper.withConnection(OperationHelper.java:212)
at com.mongodb.operation.FindOperation.execute(FindOperation.java:483)
at com.mongodb.operation.FindOperation.execute(FindOperation.java:80)
at com.mongodb.Mongo.execute(Mongo.java:818)
at com.mongodb.Mongo$2.execute(Mongo.java:805)
at com.mongodb.FindIterableImpl$FindOperationIterable.first(FindIterableImpl.java:207)
at com.mongodb.FindIterableImpl.first(FindIterableImpl.java:148)
at com.aventstack.extentreports.reporter.KlovReporter.setupProject(KlovReporter.java:288)
at com.aventstack.extentreports.reporter.KlovReporter.start(KlovReporter.java:278)
at com.aventstack.extentreports.Report.attach(Report.java:55)
at java.util.Spliterators$ArraySpliterator.forEachRemaining(Spliterators.java:948)
at java.util.stream.ReferencePipeline$Head.forEach(ReferencePipeline.java:580)
at com.aventstack.extentreports.ExtentReports.attachReporter(ExtentReports.java:68)
at package2.CommonClass$ExtentManager.createInstance(CommonClass.java:135)
at package2.CommonClass$ExtentManager.getInstance(CommonClass.java:104)
at package2.CommonClass.beforeSuite_in_CommonClass_in_package2(CommonClass.java:43)
at sun.reflect.NativeMethodAccessorImpl.invoke0(Native Method)
at sun.reflect.NativeMethodAccessorImpl.invoke(NativeMethodAccessorImpl.java:62)
at sun.reflect.DelegatingMethodAccessorImpl.invoke(DelegatingMethodAccessorImpl.java:43)
at java.lang.reflect.Method.invoke(Method.java:498)
at org.testng.internal.MethodInvocationHelper.invokeMethod(MethodInvocationHelper.java:124)
at org.testng.internal.MethodInvocationHelper.invokeMethodConsideringTimeout(MethodInvocationHelper.java:59)
at org.testng.internal.Invoker.invokeConfigurationMethod(Invoker.java:455)
at org.testng.internal.Invoker.invokeConfigurations(Invoker.java:222)
at org.testng.internal.Invoker.invokeConfigurations(Invoker.java:142)
at org.testng.SuiteRunner.privateRun(SuiteRunner.java:401)
at org.testng.SuiteRunner.run(SuiteRunner.java:364)
at org.testng.SuiteRunnerWorker.runSuite(SuiteRunnerWorker.java:52)
at org.testng.SuiteRunnerWorker.run(SuiteRunnerWorker.java:84)
at org.testng.TestNG.runSuitesSequentially(TestNG.java:1208)
at org.testng.TestNG.runSuitesLocally(TestNG.java:1137)
at org.testng.TestNG.runSuites(TestNG.java:1049)
at org.testng.TestNG.run(TestNG.java:1017)
at org.testng.remote.AbstractRemoteTestNG.run(AbstractRemoteTestNG.java:114)
at org.testng.remote.RemoteTestNG.initAndRun(RemoteTestNG.java:251)
at org.testng.remote.RemoteTestNG.main(RemoteTestNG.java:77)
]]>
            </full-stacktrace>
          </exception> <!-- com.mongodb.MongoTimeoutException -->
          <reporter-output>
          </reporter-output>
        </test-method> <!-- method1_in_Class3_in_package2 -->
        <test-method status="SKIP" signature="afterMethod_in_CommonClass_in_package2(org.testng.ITestResult)[pri:0, instance:package2.Class3@74ad1f1f]" name="afterMethod_in_CommonClass_in_package2" is-config="true" duration-ms="0" started-at="2018-11-13T12:41:38Z" finished-at="2018-11-13T12:41:38Z">
          <reporter-output>
          </reporter-output>
        </test-method> <!-- afterMethod_in_CommonClass_in_package2 -->
        <test-method status="SKIP" signature="afterClass_in_CommonClass_in_package2()[pri:0, instance:package2.Class3@74ad1f1f]" name="afterClass_in_CommonClass_in_package2" is-config="true" duration-ms="0" started-at="2018-11-13T12:41:38Z" finished-at="2018-11-13T12:41:38Z">
          <reporter-output>
          </reporter-output>
        </test-method> <!-- afterClass_in_CommonClass_in_package2 -->
      </class> <!-- package2.Class3 -->
      <class name="package2.Class2">
        <test-method status="SKIP" signature="beforeClass_in_CommonClass_in_package2()[pri:0, instance:package2.Class2@491cc5c9]" name="beforeClass_in_CommonClass_in_package2" is-config="true" duration-ms="0" started-at="2018-11-13T12:41:37Z" finished-at="2018-11-13T12:41:37Z">
          <reporter-output>
          </reporter-output>
        </test-method> <!-- beforeClass_in_CommonClass_in_package2 -->
        <test-method status="SKIP" signature="beforeMethod_in_CommonClass_in_package2(java.lang.reflect.Method)[pri:0, instance:package2.Class2@491cc5c9]" name="beforeMethod_in_CommonClass_in_package2" is-config="true" duration-ms="0" started-at="2018-11-13T12:41:37Z" finished-at="2018-11-13T12:41:37Z">
          <reporter-output>
          </reporter-output>
        </test-method> <!-- beforeMethod_in_CommonClass_in_package2 -->
        <test-method status="SKIP" signature="method2_in_Class2_in_package2(java.lang.reflect.Method)[pri:1, instance:package2.Class2@491cc5c9]" name="method2_in_Class2_in_package2" duration-ms="0" started-at="2018-11-13T12:41:37Z" description="Kiran" finished-at="2018-11-13T12:41:37Z">
          <exception class="com.mongodb.MongoTimeoutException">
            <message>
              <![CDATA[Timed out after 30000 ms while waiting for a server that matches ReadPreferenceServerSelector{readPreference=primary}. Client view of cluster state is {type=UNKNOWN, servers=[{address=localhost:90, type=UNKNOWN, state=CONNECTING, exception={com.mongodb.MongoSocketOpenException: Exception opening socket}, caused by {java.net.ConnectException: Connection refused: connect}}]]]>
            </message>
            <full-stacktrace>
              <![CDATA[com.mongodb.MongoTimeoutException: Timed out after 30000 ms while waiting for a server that matches ReadPreferenceServerSelector{readPreference=primary}. Client view of cluster state is {type=UNKNOWN, servers=[{address=localhost:90, type=UNKNOWN, state=CONNECTING, exception={com.mongodb.MongoSocketOpenException: Exception opening socket}, caused by {java.net.ConnectException: Connection refused: connect}}]
at com.mongodb.connection.BaseCluster.createTimeoutException(BaseCluster.java:375)
at com.mongodb.connection.BaseCluster.selectServer(BaseCluster.java:104)
at com.mongodb.binding.ClusterBinding$ClusterBindingConnectionSource.<init>(ClusterBinding.java:75)
at com.mongodb.binding.ClusterBinding$ClusterBindingConnectionSource.<init>(ClusterBinding.java:71)
at com.mongodb.binding.ClusterBinding.getReadConnectionSource(ClusterBinding.java:63)
at com.mongodb.operation.OperationHelper.withConnection(OperationHelper.java:212)
at com.mongodb.operation.FindOperation.execute(FindOperation.java:483)
at com.mongodb.operation.FindOperation.execute(FindOperation.java:80)
at com.mongodb.Mongo.execute(Mongo.java:818)
at com.mongodb.Mongo$2.execute(Mongo.java:805)
at com.mongodb.FindIterableImpl$FindOperationIterable.first(FindIterableImpl.java:207)
at com.mongodb.FindIterableImpl.first(FindIterableImpl.java:148)
at com.aventstack.extentreports.reporter.KlovReporter.setupProject(KlovReporter.java:288)
at com.aventstack.extentreports.reporter.KlovReporter.start(KlovReporter.java:278)
at com.aventstack.extentreports.Report.attach(Report.java:55)
at java.util.Spliterators$ArraySpliterator.forEachRemaining(Spliterators.java:948)
at java.util.stream.ReferencePipeline$Head.forEach(ReferencePipeline.java:580)
at com.aventstack.extentreports.ExtentReports.attachReporter(ExtentReports.java:68)
at package2.CommonClass$ExtentManager.createInstance(CommonClass.java:135)
at package2.CommonClass$ExtentManager.getInstance(CommonClass.java:104)
at package2.CommonClass.beforeSuite_in_CommonClass_in_package2(CommonClass.java:43)
at sun.reflect.NativeMethodAccessorImpl.invoke0(Native Method)
at sun.reflect.NativeMethodAccessorImpl.invoke(NativeMethodAccessorImpl.java:62)
at sun.reflect.DelegatingMethodAccessorImpl.invoke(DelegatingMethodAccessorImpl.java:43)
at java.lang.reflect.Method.invoke(Method.java:498)
at org.testng.internal.MethodInvocationHelper.invokeMethod(MethodInvocationHelper.java:124)
at org.testng.internal.MethodInvocationHelper.invokeMethodConsideringTimeout(MethodInvocationHelper.java:59)
at org.testng.internal.Invoker.invokeConfigurationMethod(Invoker.java:455)
at org.testng.internal.Invoker.invokeConfigurations(Invoker.java:222)
at org.testng.internal.Invoker.invokeConfigurations(Invoker.java:142)
at org.testng.SuiteRunner.privateRun(SuiteRunner.java:401)
at org.testng.SuiteRunner.run(SuiteRunner.java:364)
at org.testng.SuiteRunnerWorker.runSuite(SuiteRunnerWorker.java:52)
at org.testng.SuiteRunnerWorker.run(SuiteRunnerWorker.java:84)
at org.testng.TestNG.runSuitesSequentially(TestNG.java:1208)
at org.testng.TestNG.runSuitesLocally(TestNG.java:1137)
at org.testng.TestNG.runSuites(TestNG.java:1049)
at org.testng.TestNG.run(TestNG.java:1017)
at org.testng.remote.AbstractRemoteTestNG.run(AbstractRemoteTestNG.java:114)
at org.testng.remote.RemoteTestNG.initAndRun(RemoteTestNG.java:251)
at org.testng.remote.RemoteTestNG.main(RemoteTestNG.java:77)
]]>
            </full-stacktrace>
          </exception> <!-- com.mongodb.MongoTimeoutException -->
          <reporter-output>
          </reporter-output>
        </test-method> <!-- method2_in_Class2_in_package2 -->
        <test-method status="SKIP" signature="afterMethod_in_CommonClass_in_package2(org.testng.ITestResult)[pri:0, instance:package2.Class2@491cc5c9]" name="afterMethod_in_CommonClass_in_package2" is-config="true" duration-ms="0" started-at="2018-11-13T12:41:37Z" finished-at="2018-11-13T12:41:37Z">
          <reporter-output>
          </reporter-output>
        </test-method> <!-- afterMethod_in_CommonClass_in_package2 -->
        <test-method status="SKIP" signature="beforeMethod_in_CommonClass_in_package2(java.lang.reflect.Method)[pri:0, instance:package2.Class2@491cc5c9]" name="beforeMethod_in_CommonClass_in_package2" is-config="true" duration-ms="0" started-at="2018-11-13T12:41:38Z" finished-at="2018-11-13T12:41:38Z">
          <reporter-output>
          </reporter-output>
        </test-method> <!-- beforeMethod_in_CommonClass_in_package2 -->
        <test-method status="SKIP" signature="method1_in_Class2_in_package2(java.lang.reflect.Method)[pri:2, instance:package2.Class2@491cc5c9]" name="method1_in_Class2_in_package2" duration-ms="0" started-at="2018-11-13T12:41:38Z" description="Rupesh" finished-at="2018-11-13T12:41:38Z">
          <exception class="com.mongodb.MongoTimeoutException">
            <message>
              <![CDATA[Timed out after 30000 ms while waiting for a server that matches ReadPreferenceServerSelector{readPreference=primary}. Client view of cluster state is {type=UNKNOWN, servers=[{address=localhost:90, type=UNKNOWN, state=CONNECTING, exception={com.mongodb.MongoSocketOpenException: Exception opening socket}, caused by {java.net.ConnectException: Connection refused: connect}}]]]>
            </message>
            <full-stacktrace>
              <![CDATA[com.mongodb.MongoTimeoutException: Timed out after 30000 ms while waiting for a server that matches ReadPreferenceServerSelector{readPreference=primary}. Client view of cluster state is {type=UNKNOWN, servers=[{address=localhost:90, type=UNKNOWN, state=CONNECTING, exception={com.mongodb.MongoSocketOpenException: Exception opening socket}, caused by {java.net.ConnectException: Connection refused: connect}}]
at com.mongodb.connection.BaseCluster.createTimeoutException(BaseCluster.java:375)
at com.mongodb.connection.BaseCluster.selectServer(BaseCluster.java:104)
at com.mongodb.binding.ClusterBinding$ClusterBindingConnectionSource.<init>(ClusterBinding.java:75)
at com.mongodb.binding.ClusterBinding$ClusterBindingConnectionSource.<init>(ClusterBinding.java:71)
at com.mongodb.binding.ClusterBinding.getReadConnectionSource(ClusterBinding.java:63)
at com.mongodb.operation.OperationHelper.withConnection(OperationHelper.java:212)
at com.mongodb.operation.FindOperation.execute(FindOperation.java:483)
at com.mongodb.operation.FindOperation.execute(FindOperation.java:80)
at com.mongodb.Mongo.execute(Mongo.java:818)
at com.mongodb.Mongo$2.execute(Mongo.java:805)
at com.mongodb.FindIterableImpl$FindOperationIterable.first(FindIterableImpl.java:207)
at com.mongodb.FindIterableImpl.first(FindIterableImpl.java:148)
at com.aventstack.extentreports.reporter.KlovReporter.setupProject(KlovReporter.java:288)
at com.aventstack.extentreports.reporter.KlovReporter.start(KlovReporter.java:278)
at com.aventstack.extentreports.Report.attach(Report.java:55)
at java.util.Spliterators$ArraySpliterator.forEachRemaining(Spliterators.java:948)
at java.util.stream.ReferencePipeline$Head.forEach(ReferencePipeline.java:580)
at com.aventstack.extentreports.ExtentReports.attachReporter(ExtentReports.java:68)
at package2.CommonClass$ExtentManager.createInstance(CommonClass.java:135)
at package2.CommonClass$ExtentManager.getInstance(CommonClass.java:104)
at package2.CommonClass.beforeSuite_in_CommonClass_in_package2(CommonClass.java:43)
at sun.reflect.NativeMethodAccessorImpl.invoke0(Native Method)
at sun.reflect.NativeMethodAccessorImpl.invoke(NativeMethodAccessorImpl.java:62)
at sun.reflect.DelegatingMethodAccessorImpl.invoke(DelegatingMethodAccessorImpl.java:43)
at java.lang.reflect.Method.invoke(Method.java:498)
at org.testng.internal.MethodInvocationHelper.invokeMethod(MethodInvocationHelper.java:124)
at org.testng.internal.MethodInvocationHelper.invokeMethodConsideringTimeout(MethodInvocationHelper.java:59)
at org.testng.internal.Invoker.invokeConfigurationMethod(Invoker.java:455)
at org.testng.internal.Invoker.invokeConfigurations(Invoker.java:222)
at org.testng.internal.Invoker.invokeConfigurations(Invoker.java:142)
at org.testng.SuiteRunner.privateRun(SuiteRunner.java:401)
at org.testng.SuiteRunner.run(SuiteRunner.java:364)
at org.testng.SuiteRunnerWorker.runSuite(SuiteRunnerWorker.java:52)
at org.testng.SuiteRunnerWorker.run(SuiteRunnerWorker.java:84)
at org.testng.TestNG.runSuitesSequentially(TestNG.java:1208)
at org.testng.TestNG.runSuitesLocally(TestNG.java:1137)
at org.testng.TestNG.runSuites(TestNG.java:1049)
at org.testng.TestNG.run(TestNG.java:1017)
at org.testng.remote.AbstractRemoteTestNG.run(AbstractRemoteTestNG.java:114)
at org.testng.remote.RemoteTestNG.initAndRun(RemoteTestNG.java:251)
at org.testng.remote.RemoteTestNG.main(RemoteTestNG.java:77)
]]>
            </full-stacktrace>
          </exception> <!-- com.mongodb.MongoTimeoutException -->
          <reporter-output>
          </reporter-output>
        </test-method> <!-- method1_in_Class2_in_package2 -->
        <test-method status="SKIP" signature="afterMethod_in_CommonClass_in_package2(org.testng.ITestResult)[pri:0, instance:package2.Class2@491cc5c9]" name="afterMethod_in_CommonClass_in_package2" is-config="true" duration-ms="0" started-at="2018-11-13T12:41:38Z" finished-at="2018-11-13T12:41:38Z">
          <reporter-output>
          </reporter-output>
        </test-method> <!-- afterMethod_in_CommonClass_in_package2 -->
        <test-method status="SKIP" signature="beforeMethod_in_CommonClass_in_package2(java.lang.reflect.Method)[pri:0, instance:package2.Class2@491cc5c9]" name="beforeMethod_in_CommonClass_in_package2" is-config="true" duration-ms="0" started-at="2018-11-13T12:41:38Z" finished-at="2018-11-13T12:41:38Z">
          <reporter-output>
          </reporter-output>
        </test-method> <!-- beforeMethod_in_CommonClass_in_package2 -->
        <test-method status="SKIP" signature="method3_in_Class2_in_package2(java.lang.reflect.Method)[pri:3, instance:package2.Class2@491cc5c9]" name="method3_in_Class2_in_package2" duration-ms="0" started-at="2018-11-13T12:41:38Z" description="Joseph" finished-at="2018-11-13T12:41:38Z">
          <exception class="com.mongodb.MongoTimeoutException">
            <message>
              <![CDATA[Timed out after 30000 ms while waiting for a server that matches ReadPreferenceServerSelector{readPreference=primary}. Client view of cluster state is {type=UNKNOWN, servers=[{address=localhost:90, type=UNKNOWN, state=CONNECTING, exception={com.mongodb.MongoSocketOpenException: Exception opening socket}, caused by {java.net.ConnectException: Connection refused: connect}}]]]>
            </message>
            <full-stacktrace>
              <![CDATA[com.mongodb.MongoTimeoutException: Timed out after 30000 ms while waiting for a server that matches ReadPreferenceServerSelector{readPreference=primary}. Client view of cluster state is {type=UNKNOWN, servers=[{address=localhost:90, type=UNKNOWN, state=CONNECTING, exception={com.mongodb.MongoSocketOpenException: Exception opening socket}, caused by {java.net.ConnectException: Connection refused: connect}}]
at com.mongodb.connection.BaseCluster.createTimeoutException(BaseCluster.java:375)
at com.mongodb.connection.BaseCluster.selectServer(BaseCluster.java:104)
at com.mongodb.binding.ClusterBinding$ClusterBindingConnectionSource.<init>(ClusterBinding.java:75)
at com.mongodb.binding.ClusterBinding$ClusterBindingConnectionSource.<init>(ClusterBinding.java:71)
at com.mongodb.binding.ClusterBinding.getReadConnectionSource(ClusterBinding.java:63)
at com.mongodb.operation.OperationHelper.withConnection(OperationHelper.java:212)
at com.mongodb.operation.FindOperation.execute(FindOperation.java:483)
at com.mongodb.operation.FindOperation.execute(FindOperation.java:80)
at com.mongodb.Mongo.execute(Mongo.java:818)
at com.mongodb.Mongo$2.execute(Mongo.java:805)
at com.mongodb.FindIterableImpl$FindOperationIterable.first(FindIterableImpl.java:207)
at com.mongodb.FindIterableImpl.first(FindIterableImpl.java:148)
at com.aventstack.extentreports.reporter.KlovReporter.setupProject(KlovReporter.java:288)
at com.aventstack.extentreports.reporter.KlovReporter.start(KlovReporter.java:278)
at com.aventstack.extentreports.Report.attach(Report.java:55)
at java.util.Spliterators$ArraySpliterator.forEachRemaining(Spliterators.java:948)
at java.util.stream.ReferencePipeline$Head.forEach(ReferencePipeline.java:580)
at com.aventstack.extentreports.ExtentReports.attachReporter(ExtentReports.java:68)
at package2.CommonClass$ExtentManager.createInstance(CommonClass.java:135)
at package2.CommonClass$ExtentManager.getInstance(CommonClass.java:104)
at package2.CommonClass.beforeSuite_in_CommonClass_in_package2(CommonClass.java:43)
at sun.reflect.NativeMethodAccessorImpl.invoke0(Native Method)
at sun.reflect.NativeMethodAccessorImpl.invoke(NativeMethodAccessorImpl.java:62)
at sun.reflect.DelegatingMethodAccessorImpl.invoke(DelegatingMethodAccessorImpl.java:43)
at java.lang.reflect.Method.invoke(Method.java:498)
at org.testng.internal.MethodInvocationHelper.invokeMethod(MethodInvocationHelper.java:124)
at org.testng.internal.MethodInvocationHelper.invokeMethodConsideringTimeout(MethodInvocationHelper.java:59)
at org.testng.internal.Invoker.invokeConfigurationMethod(Invoker.java:455)
at org.testng.internal.Invoker.invokeConfigurations(Invoker.java:222)
at org.testng.internal.Invoker.invokeConfigurations(Invoker.java:142)
at org.testng.SuiteRunner.privateRun(SuiteRunner.java:401)
at org.testng.SuiteRunner.run(SuiteRunner.java:364)
at org.testng.SuiteRunnerWorker.runSuite(SuiteRunnerWorker.java:52)
at org.testng.SuiteRunnerWorker.run(SuiteRunnerWorker.java:84)
at org.testng.TestNG.runSuitesSequentially(TestNG.java:1208)
at org.testng.TestNG.runSuitesLocally(TestNG.java:1137)
at org.testng.TestNG.runSuites(TestNG.java:1049)
at org.testng.TestNG.run(TestNG.java:1017)
at org.testng.remote.AbstractRemoteTestNG.run(AbstractRemoteTestNG.java:114)
at org.testng.remote.RemoteTestNG.initAndRun(RemoteTestNG.java:251)
at org.testng.remote.RemoteTestNG.main(RemoteTestNG.java:77)
]]>
            </full-stacktrace>
          </exception> <!-- com.mongodb.MongoTimeoutException -->
          <reporter-output>
          </reporter-output>
        </test-method> <!-- method3_in_Class2_in_package2 -->
        <test-method status="SKIP" signature="afterMethod_in_CommonClass_in_package2(org.testng.ITestResult)[pri:0, instance:package2.Class2@491cc5c9]" name="afterMethod_in_CommonClass_in_package2" is-config="true" duration-ms="0" started-at="2018-11-13T12:41:38Z" finished-at="2018-11-13T12:41:38Z">
          <reporter-output>
          </reporter-output>
        </test-method> <!-- afterMethod_in_CommonClass_in_package2 -->
        <test-method status="SKIP" signature="afterClass_in_CommonClass_in_package2()[pri:0, instance:package2.Class2@491cc5c9]" name="afterClass_in_CommonClass_in_package2" is-config="true" duration-ms="0" started-at="2018-11-13T12:41:38Z" finished-at="2018-11-13T12:41:38Z">
          <reporter-output>
          </reporter-output>
        </test-method> <!-- afterClass_in_CommonClass_in_package2 -->
      </class> <!-- package2.Class2 -->
      <class name="package2.Class1">
        <test-method status="FAIL" signature="beforeSuite_in_CommonClass_in_package2()[pri:0, instance:package2.Class1@1b26f7b2]" name="beforeSuite_in_CommonClass_in_package2" is-config="true" duration-ms="31418" started-at="2018-11-13T12:41:05Z" finished-at="2018-11-13T12:41:37Z">
          <exception class="com.mongodb.MongoTimeoutException">
            <message>
              <![CDATA[Timed out after 30000 ms while waiting for a server that matches ReadPreferenceServerSelector{readPreference=primary}. Client view of cluster state is {type=UNKNOWN, servers=[{address=localhost:90, type=UNKNOWN, state=CONNECTING, exception={com.mongodb.MongoSocketOpenException: Exception opening socket}, caused by {java.net.ConnectException: Connection refused: connect}}]]]>
            </message>
            <full-stacktrace>
              <![CDATA[com.mongodb.MongoTimeoutException: Timed out after 30000 ms while waiting for a server that matches ReadPreferenceServerSelector{readPreference=primary}. Client view of cluster state is {type=UNKNOWN, servers=[{address=localhost:90, type=UNKNOWN, state=CONNECTING, exception={com.mongodb.MongoSocketOpenException: Exception opening socket}, caused by {java.net.ConnectException: Connection refused: connect}}]
at com.mongodb.connection.BaseCluster.createTimeoutException(BaseCluster.java:375)
at com.mongodb.connection.BaseCluster.selectServer(BaseCluster.java:104)
at com.mongodb.binding.ClusterBinding$ClusterBindingConnectionSource.<init>(ClusterBinding.java:75)
at com.mongodb.binding.ClusterBinding$ClusterBindingConnectionSource.<init>(ClusterBinding.java:71)
at com.mongodb.binding.ClusterBinding.getReadConnectionSource(ClusterBinding.java:63)
at com.mongodb.operation.OperationHelper.withConnection(OperationHelper.java:212)
at com.mongodb.operation.FindOperation.execute(FindOperation.java:483)
at com.mongodb.operation.FindOperation.execute(FindOperation.java:80)
at com.mongodb.Mongo.execute(Mongo.java:818)
at com.mongodb.Mongo$2.execute(Mongo.java:805)
at com.mongodb.FindIterableImpl$FindOperationIterable.first(FindIterableImpl.java:207)
at com.mongodb.FindIterableImpl.first(FindIterableImpl.java:148)
at com.aventstack.extentreports.reporter.KlovReporter.setupProject(KlovReporter.java:288)
at com.aventstack.extentreports.reporter.KlovReporter.start(KlovReporter.java:278)
at com.aventstack.extentreports.Report.attach(Report.java:55)
at java.util.Spliterators$ArraySpliterator.forEachRemaining(Spliterators.java:948)
at java.util.stream.ReferencePipeline$Head.forEach(ReferencePipeline.java:580)
at com.aventstack.extentreports.ExtentReports.attachReporter(ExtentReports.java:68)
at package2.CommonClass$ExtentManager.createInstance(CommonClass.java:135)
at package2.CommonClass$ExtentManager.getInstance(CommonClass.java:104)
at package2.CommonClass.beforeSuite_in_CommonClass_in_package2(CommonClass.java:43)
at sun.reflect.NativeMethodAccessorImpl.invoke0(Native Method)
at sun.reflect.NativeMethodAccessorImpl.invoke(NativeMethodAccessorImpl.java:62)
at sun.reflect.DelegatingMethodAccessorImpl.invoke(DelegatingMethodAccessorImpl.java:43)
at java.lang.reflect.Method.invoke(Method.java:498)
at org.testng.internal.MethodInvocationHelper.invokeMethod(MethodInvocationHelper.java:124)
at org.testng.internal.MethodInvocationHelper.invokeMethodConsideringTimeout(MethodInvocationHelper.java:59)
at org.testng.internal.Invoker.invokeConfigurationMethod(Invoker.java:455)
at org.testng.internal.Invoker.invokeConfigurations(Invoker.java:222)
at org.testng.internal.Invoker.invokeConfigurations(Invoker.java:142)
at org.testng.SuiteRunner.privateRun(SuiteRunner.java:401)
at org.testng.SuiteRunner.run(SuiteRunner.java:364)
at org.testng.SuiteRunnerWorker.runSuite(SuiteRunnerWorker.java:52)
at org.testng.SuiteRunnerWorker.run(SuiteRunnerWorker.java:84)
at org.testng.TestNG.runSuitesSequentially(TestNG.java:1208)
at org.testng.TestNG.runSuitesLocally(TestNG.java:1137)
at org.testng.TestNG.runSuites(TestNG.java:1049)
at org.testng.TestNG.run(TestNG.java:1017)
at org.testng.remote.AbstractRemoteTestNG.run(AbstractRemoteTestNG.java:114)
at org.testng.remote.RemoteTestNG.initAndRun(RemoteTestNG.java:251)
at org.testng.remote.RemoteTestNG.main(RemoteTestNG.java:77)
]]>
            </full-stacktrace>
          </exception> <!-- com.mongodb.MongoTimeoutException -->
          <reporter-output>
          </reporter-output>
        </test-method> <!-- beforeSuite_in_CommonClass_in_package2 -->
        <test-method status="SKIP" signature="beforeTest_in_CommonClass_in_package2()[pri:0, instance:package2.Class1@1b26f7b2]" name="beforeTest_in_CommonClass_in_package2" is-config="true" duration-ms="0" started-at="2018-11-13T12:41:37Z" finished-at="2018-11-13T12:41:37Z">
          <reporter-output>
          </reporter-output>
        </test-method> <!-- beforeTest_in_CommonClass_in_package2 -->
        <test-method status="SKIP" signature="beforeClass_in_CommonClass_in_package2()[pri:0, instance:package2.Class1@1b26f7b2]" name="beforeClass_in_CommonClass_in_package2" is-config="true" duration-ms="0" started-at="2018-11-13T12:41:37Z" finished-at="2018-11-13T12:41:37Z">
          <reporter-output>
          </reporter-output>
        </test-method> <!-- beforeClass_in_CommonClass_in_package2 -->
        <test-method status="SKIP" signature="beforeMethod_in_CommonClass_in_package2(java.lang.reflect.Method)[pri:0, instance:package2.Class1@1b26f7b2]" name="beforeMethod_in_CommonClass_in_package2" is-config="true" duration-ms="0" started-at="2018-11-13T12:41:37Z" finished-at="2018-11-13T12:41:37Z">
          <reporter-output>
          </reporter-output>
        </test-method> <!-- beforeMethod_in_CommonClass_in_package2 -->
        <test-method status="SKIP" signature="method1_in_Class1_in_package2(java.lang.reflect.Method)[pri:1, instance:package2.Class1@1b26f7b2]" name="method1_in_Class1_in_package2" duration-ms="0" started-at="2018-11-13T12:41:37Z" description="Rupesh" finished-at="2018-11-13T12:41:37Z">
          <exception class="com.mongodb.MongoTimeoutException">
            <message>
              <![CDATA[Timed out after 30000 ms while waiting for a server that matches ReadPreferenceServerSelector{readPreference=primary}. Client view of cluster state is {type=UNKNOWN, servers=[{address=localhost:90, type=UNKNOWN, state=CONNECTING, exception={com.mongodb.MongoSocketOpenException: Exception opening socket}, caused by {java.net.ConnectException: Connection refused: connect}}]]]>
            </message>
            <full-stacktrace>
              <![CDATA[com.mongodb.MongoTimeoutException: Timed out after 30000 ms while waiting for a server that matches ReadPreferenceServerSelector{readPreference=primary}. Client view of cluster state is {type=UNKNOWN, servers=[{address=localhost:90, type=UNKNOWN, state=CONNECTING, exception={com.mongodb.MongoSocketOpenException: Exception opening socket}, caused by {java.net.ConnectException: Connection refused: connect}}]
at com.mongodb.connection.BaseCluster.createTimeoutException(BaseCluster.java:375)
at com.mongodb.connection.BaseCluster.selectServer(BaseCluster.java:104)
at com.mongodb.binding.ClusterBinding$ClusterBindingConnectionSource.<init>(ClusterBinding.java:75)
at com.mongodb.binding.ClusterBinding$ClusterBindingConnectionSource.<init>(ClusterBinding.java:71)
at com.mongodb.binding.ClusterBinding.getReadConnectionSource(ClusterBinding.java:63)
at com.mongodb.operation.OperationHelper.withConnection(OperationHelper.java:212)
at com.mongodb.operation.FindOperation.execute(FindOperation.java:483)
at com.mongodb.operation.FindOperation.execute(FindOperation.java:80)
at com.mongodb.Mongo.execute(Mongo.java:818)
at com.mongodb.Mongo$2.execute(Mongo.java:805)
at com.mongodb.FindIterableImpl$FindOperationIterable.first(FindIterableImpl.java:207)
at com.mongodb.FindIterableImpl.first(FindIterableImpl.java:148)
at com.aventstack.extentreports.reporter.KlovReporter.setupProject(KlovReporter.java:288)
at com.aventstack.extentreports.reporter.KlovReporter.start(KlovReporter.java:278)
at com.aventstack.extentreports.Report.attach(Report.java:55)
at java.util.Spliterators$ArraySpliterator.forEachRemaining(Spliterators.java:948)
at java.util.stream.ReferencePipeline$Head.forEach(ReferencePipeline.java:580)
at com.aventstack.extentreports.ExtentReports.attachReporter(ExtentReports.java:68)
at package2.CommonClass$ExtentManager.createInstance(CommonClass.java:135)
at package2.CommonClass$ExtentManager.getInstance(CommonClass.java:104)
at package2.CommonClass.beforeSuite_in_CommonClass_in_package2(CommonClass.java:43)
at sun.reflect.NativeMethodAccessorImpl.invoke0(Native Method)
at sun.reflect.NativeMethodAccessorImpl.invoke(NativeMethodAccessorImpl.java:62)
at sun.reflect.DelegatingMethodAccessorImpl.invoke(DelegatingMethodAccessorImpl.java:43)
at java.lang.reflect.Method.invoke(Method.java:498)
at org.testng.internal.MethodInvocationHelper.invokeMethod(MethodInvocationHelper.java:124)
at org.testng.internal.MethodInvocationHelper.invokeMethodConsideringTimeout(MethodInvocationHelper.java:59)
at org.testng.internal.Invoker.invokeConfigurationMethod(Invoker.java:455)
at org.testng.internal.Invoker.invokeConfigurations(Invoker.java:222)
at org.testng.internal.Invoker.invokeConfigurations(Invoker.java:142)
at org.testng.SuiteRunner.privateRun(SuiteRunner.java:401)
at org.testng.SuiteRunner.run(SuiteRunner.java:364)
at org.testng.SuiteRunnerWorker.runSuite(SuiteRunnerWorker.java:52)
at org.testng.SuiteRunnerWorker.run(SuiteRunnerWorker.java:84)
at org.testng.TestNG.runSuitesSequentially(TestNG.java:1208)
at org.testng.TestNG.runSuitesLocally(TestNG.java:1137)
at org.testng.TestNG.runSuites(TestNG.java:1049)
at org.testng.TestNG.run(TestNG.java:1017)
at org.testng.remote.AbstractRemoteTestNG.run(AbstractRemoteTestNG.java:114)
at org.testng.remote.RemoteTestNG.initAndRun(RemoteTestNG.java:251)
at org.testng.remote.RemoteTestNG.main(RemoteTestNG.java:77)
]]>
            </full-stacktrace>
          </exception> <!-- com.mongodb.MongoTimeoutException -->
          <reporter-output>
          </reporter-output>
        </test-method> <!-- method1_in_Class1_in_package2 -->
        <test-method status="SKIP" signature="afterMethod_in_CommonClass_in_package2(org.testng.ITestResult)[pri:0, instance:package2.Class1@1b26f7b2]" name="afterMethod_in_CommonClass_in_package2" is-config="true" duration-ms="0" started-at="2018-11-13T12:41:37Z" finished-at="2018-11-13T12:41:37Z">
          <reporter-output>
          </reporter-output>
        </test-method> <!-- afterMethod_in_CommonClass_in_package2 -->
        <test-method status="SKIP" signature="beforeMethod_in_CommonClass_in_package2(java.lang.reflect.Method)[pri:0, instance:package2.Class1@1b26f7b2]" name="beforeMethod_in_CommonClass_in_package2" is-config="true" duration-ms="0" started-at="2018-11-13T12:41:37Z" finished-at="2018-11-13T12:41:37Z">
          <reporter-output>
          </reporter-output>
        </test-method> <!-- beforeMethod_in_CommonClass_in_package2 -->
        <test-method status="SKIP" signature="method2_in_Class1_in_package2(java.lang.reflect.Method)[pri:2, instance:package2.Class1@1b26f7b2]" name="method2_in_Class1_in_package2" duration-ms="0" started-at="2018-11-13T12:41:37Z" description="Rupesh" finished-at="2018-11-13T12:41:37Z">
          <exception class="com.mongodb.MongoTimeoutException">
            <message>
              <![CDATA[Timed out after 30000 ms while waiting for a server that matches ReadPreferenceServerSelector{readPreference=primary}. Client view of cluster state is {type=UNKNOWN, servers=[{address=localhost:90, type=UNKNOWN, state=CONNECTING, exception={com.mongodb.MongoSocketOpenException: Exception opening socket}, caused by {java.net.ConnectException: Connection refused: connect}}]]]>
            </message>
            <full-stacktrace>
              <![CDATA[com.mongodb.MongoTimeoutException: Timed out after 30000 ms while waiting for a server that matches ReadPreferenceServerSelector{readPreference=primary}. Client view of cluster state is {type=UNKNOWN, servers=[{address=localhost:90, type=UNKNOWN, state=CONNECTING, exception={com.mongodb.MongoSocketOpenException: Exception opening socket}, caused by {java.net.ConnectException: Connection refused: connect}}]
at com.mongodb.connection.BaseCluster.createTimeoutException(BaseCluster.java:375)
at com.mongodb.connection.BaseCluster.selectServer(BaseCluster.java:104)
at com.mongodb.binding.ClusterBinding$ClusterBindingConnectionSource.<init>(ClusterBinding.java:75)
at com.mongodb.binding.ClusterBinding$ClusterBindingConnectionSource.<init>(ClusterBinding.java:71)
at com.mongodb.binding.ClusterBinding.getReadConnectionSource(ClusterBinding.java:63)
at com.mongodb.operation.OperationHelper.withConnection(OperationHelper.java:212)
at com.mongodb.operation.FindOperation.execute(FindOperation.java:483)
at com.mongodb.operation.FindOperation.execute(FindOperation.java:80)
at com.mongodb.Mongo.execute(Mongo.java:818)
at com.mongodb.Mongo$2.execute(Mongo.java:805)
at com.mongodb.FindIterableImpl$FindOperationIterable.first(FindIterableImpl.java:207)
at com.mongodb.FindIterableImpl.first(FindIterableImpl.java:148)
at com.aventstack.extentreports.reporter.KlovReporter.setupProject(KlovReporter.java:288)
at com.aventstack.extentreports.reporter.KlovReporter.start(KlovReporter.java:278)
at com.aventstack.extentreports.Report.attach(Report.java:55)
at java.util.Spliterators$ArraySpliterator.forEachRemaining(Spliterators.java:948)
at java.util.stream.ReferencePipeline$Head.forEach(ReferencePipeline.java:580)
at com.aventstack.extentreports.ExtentReports.attachReporter(ExtentReports.java:68)
at package2.CommonClass$ExtentManager.createInstance(CommonClass.java:135)
at package2.CommonClass$ExtentManager.getInstance(CommonClass.java:104)
at package2.CommonClass.beforeSuite_in_CommonClass_in_package2(CommonClass.java:43)
at sun.reflect.NativeMethodAccessorImpl.invoke0(Native Method)
at sun.reflect.NativeMethodAccessorImpl.invoke(NativeMethodAccessorImpl.java:62)
at sun.reflect.DelegatingMethodAccessorImpl.invoke(DelegatingMethodAccessorImpl.java:43)
at java.lang.reflect.Method.invoke(Method.java:498)
at org.testng.internal.MethodInvocationHelper.invokeMethod(MethodInvocationHelper.java:124)
at org.testng.internal.MethodInvocationHelper.invokeMethodConsideringTimeout(MethodInvocationHelper.java:59)
at org.testng.internal.Invoker.invokeConfigurationMethod(Invoker.java:455)
at org.testng.internal.Invoker.invokeConfigurations(Invoker.java:222)
at org.testng.internal.Invoker.invokeConfigurations(Invoker.java:142)
at org.testng.SuiteRunner.privateRun(SuiteRunner.java:401)
at org.testng.SuiteRunner.run(SuiteRunner.java:364)
at org.testng.SuiteRunnerWorker.runSuite(SuiteRunnerWorker.java:52)
at org.testng.SuiteRunnerWorker.run(SuiteRunnerWorker.java:84)
at org.testng.TestNG.runSuitesSequentially(TestNG.java:1208)
at org.testng.TestNG.runSuitesLocally(TestNG.java:1137)
at org.testng.TestNG.runSuites(TestNG.java:1049)
at org.testng.TestNG.run(TestNG.java:1017)
at org.testng.remote.AbstractRemoteTestNG.run(AbstractRemoteTestNG.java:114)
at org.testng.remote.RemoteTestNG.initAndRun(RemoteTestNG.java:251)
at org.testng.remote.RemoteTestNG.main(RemoteTestNG.java:77)
]]>
            </full-stacktrace>
          </exception> <!-- com.mongodb.MongoTimeoutException -->
          <reporter-output>
          </reporter-output>
        </test-method> <!-- method2_in_Class1_in_package2 -->
        <test-method status="SKIP" signature="afterMethod_in_CommonClass_in_package2(org.testng.ITestResult)[pri:0, instance:package2.Class1@1b26f7b2]" name="afterMethod_in_CommonClass_in_package2" is-config="true" duration-ms="0" started-at="2018-11-13T12:41:38Z" finished-at="2018-11-13T12:41:38Z">
          <reporter-output>
          </reporter-output>
        </test-method> <!-- afterMethod_in_CommonClass_in_package2 -->
        <test-method status="SKIP" signature="beforeMethod_in_CommonClass_in_package2(java.lang.reflect.Method)[pri:0, instance:package2.Class1@1b26f7b2]" name="beforeMethod_in_CommonClass_in_package2" is-config="true" duration-ms="0" started-at="2018-11-13T12:41:38Z" finished-at="2018-11-13T12:41:38Z">
          <reporter-output>
          </reporter-output>
        </test-method> <!-- beforeMethod_in_CommonClass_in_package2 -->
        <test-method status="SKIP" signature="method3_in_Class1_in_package2(java.lang.reflect.Method)[pri:3, instance:package2.Class1@1b26f7b2]" name="method3_in_Class1_in_package2" duration-ms="0" started-at="2018-11-13T12:41:38Z" description="Kiran" finished-at="2018-11-13T12:41:38Z">
          <exception class="com.mongodb.MongoTimeoutException">
            <message>
              <![CDATA[Timed out after 30000 ms while waiting for a server that matches ReadPreferenceServerSelector{readPreference=primary}. Client view of cluster state is {type=UNKNOWN, servers=[{address=localhost:90, type=UNKNOWN, state=CONNECTING, exception={com.mongodb.MongoSocketOpenException: Exception opening socket}, caused by {java.net.ConnectException: Connection refused: connect}}]]]>
            </message>
            <full-stacktrace>
              <![CDATA[com.mongodb.MongoTimeoutException: Timed out after 30000 ms while waiting for a server that matches ReadPreferenceServerSelector{readPreference=primary}. Client view of cluster state is {type=UNKNOWN, servers=[{address=localhost:90, type=UNKNOWN, state=CONNECTING, exception={com.mongodb.MongoSocketOpenException: Exception opening socket}, caused by {java.net.ConnectException: Connection refused: connect}}]
at com.mongodb.connection.BaseCluster.createTimeoutException(BaseCluster.java:375)
at com.mongodb.connection.BaseCluster.selectServer(BaseCluster.java:104)
at com.mongodb.binding.ClusterBinding$ClusterBindingConnectionSource.<init>(ClusterBinding.java:75)
at com.mongodb.binding.ClusterBinding$ClusterBindingConnectionSource.<init>(ClusterBinding.java:71)
at com.mongodb.binding.ClusterBinding.getReadConnectionSource(ClusterBinding.java:63)
at com.mongodb.operation.OperationHelper.withConnection(OperationHelper.java:212)
at com.mongodb.operation.FindOperation.execute(FindOperation.java:483)
at com.mongodb.operation.FindOperation.execute(FindOperation.java:80)
at com.mongodb.Mongo.execute(Mongo.java:818)
at com.mongodb.Mongo$2.execute(Mongo.java:805)
at com.mongodb.FindIterableImpl$FindOperationIterable.first(FindIterableImpl.java:207)
at com.mongodb.FindIterableImpl.first(FindIterableImpl.java:148)
at com.aventstack.extentreports.reporter.KlovReporter.setupProject(KlovReporter.java:288)
at com.aventstack.extentreports.reporter.KlovReporter.start(KlovReporter.java:278)
at com.aventstack.extentreports.Report.attach(Report.java:55)
at java.util.Spliterators$ArraySpliterator.forEachRemaining(Spliterators.java:948)
at java.util.stream.ReferencePipeline$Head.forEach(ReferencePipeline.java:580)
at com.aventstack.extentreports.ExtentReports.attachReporter(ExtentReports.java:68)
at package2.CommonClass$ExtentManager.createInstance(CommonClass.java:135)
at package2.CommonClass$ExtentManager.getInstance(CommonClass.java:104)
at package2.CommonClass.beforeSuite_in_CommonClass_in_package2(CommonClass.java:43)
at sun.reflect.NativeMethodAccessorImpl.invoke0(Native Method)
at sun.reflect.NativeMethodAccessorImpl.invoke(NativeMethodAccessorImpl.java:62)
at sun.reflect.DelegatingMethodAccessorImpl.invoke(DelegatingMethodAccessorImpl.java:43)
at java.lang.reflect.Method.invoke(Method.java:498)
at org.testng.internal.MethodInvocationHelper.invokeMethod(MethodInvocationHelper.java:124)
at org.testng.internal.MethodInvocationHelper.invokeMethodConsideringTimeout(MethodInvocationHelper.java:59)
at org.testng.internal.Invoker.invokeConfigurationMethod(Invoker.java:455)
at org.testng.internal.Invoker.invokeConfigurations(Invoker.java:222)
at org.testng.internal.Invoker.invokeConfigurations(Invoker.java:142)
at org.testng.SuiteRunner.privateRun(SuiteRunner.java:401)
at org.testng.SuiteRunner.run(SuiteRunner.java:364)
at org.testng.SuiteRunnerWorker.runSuite(SuiteRunnerWorker.java:52)
at org.testng.SuiteRunnerWorker.run(SuiteRunnerWorker.java:84)
at org.testng.TestNG.runSuitesSequentially(TestNG.java:1208)
at org.testng.TestNG.runSuitesLocally(TestNG.java:1137)
at org.testng.TestNG.runSuites(TestNG.java:1049)
at org.testng.TestNG.run(TestNG.java:1017)
at org.testng.remote.AbstractRemoteTestNG.run(AbstractRemoteTestNG.java:114)
at org.testng.remote.RemoteTestNG.initAndRun(RemoteTestNG.java:251)
at org.testng.remote.RemoteTestNG.main(RemoteTestNG.java:77)
]]>
            </full-stacktrace>
          </exception> <!-- com.mongodb.MongoTimeoutException -->
          <reporter-output>
          </reporter-output>
        </test-method> <!-- method3_in_Class1_in_package2 -->
        <test-method status="SKIP" signature="afterMethod_in_CommonClass_in_package2(org.testng.ITestResult)[pri:0, instance:package2.Class1@1b26f7b2]" name="afterMethod_in_CommonClass_in_package2" is-config="true" duration-ms="0" started-at="2018-11-13T12:41:38Z" finished-at="2018-11-13T12:41:38Z">
          <reporter-output>
          </reporter-output>
        </test-method> <!-- afterMethod_in_CommonClass_in_package2 -->
        <test-method status="SKIP" signature="afterClass_in_CommonClass_in_package2()[pri:0, instance:package2.Class1@1b26f7b2]" name="afterClass_in_CommonClass_in_package2" is-config="true" duration-ms="0" started-at="2018-11-13T12:41:38Z" finished-at="2018-11-13T12:41:38Z">
          <reporter-output>
          </reporter-output>
        </test-method> <!-- afterClass_in_CommonClass_in_package2 -->
        <test-method status="SKIP" signature="aftertest_in_CommonClass_in_package2()[pri:0, instance:package2.Class1@1b26f7b2]" name="aftertest_in_CommonClass_in_package2" is-config="true" duration-ms="0" started-at="2018-11-13T12:41:38Z" finished-at="2018-11-13T12:41:38Z">
          <reporter-output>
          </reporter-output>
        </test-method> <!-- aftertest_in_CommonClass_in_package2 -->
        <test-method status="SKIP" signature="afterSuite_in_CommonClass_in_package2()[pri:0, instance:package2.Class1@1b26f7b2]" name="afterSuite_in_CommonClass_in_package2" is-config="true" duration-ms="0" started-at="2018-11-13T12:41:38Z" finished-at="2018-11-13T12:41:38Z">
          <reporter-output>
          </reporter-output>
        </test-method> <!-- afterSuite_in_CommonClass_in_package2 -->
      </class> <!-- package2.Class1 -->
    </test> <!-- TestNG Suite Tests -->
  </suite> <!-- TestNG Suite -->
</testng-results>
